{"level":"info","message":"Server starting in development mode on port 420","service":"zer0-backend","timestamp":"2025-04-06 17:51:30"}
{"level":"info","message":"🚀 Server ready at http://localhost:420","service":"zer0-backend","timestamp":"2025-04-06 17:51:30"}
{"level":"info","message":"📚 API Docs available at http://localhost:420/api-docs","service":"zer0-backend","timestamp":"2025-04-06 17:51:30"}
{"level":"debug","message":"Development mode: IP whitelist check bypassed","service":"zer0-backend","timestamp":"2025-04-06 17:51:34"}
{"level":"debug","message":"Development mode: IP whitelist check bypassed","service":"zer0-backend","timestamp":"2025-04-06 17:51:35"}
{"level":"debug","message":"Development mode: IP whitelist check bypassed","service":"zer0-backend","timestamp":"2025-04-06 17:51:35"}
{"level":"info","message":"Server starting in development mode on port 420","service":"zer0-backend","timestamp":"2025-04-07 19:50:04"}
{"level":"info","message":"🚀 Server ready at http://localhost:420","service":"zer0-backend","timestamp":"2025-04-07 19:50:04"}
{"level":"info","message":"📚 API Docs available at http://localhost:420/api-docs","service":"zer0-backend","timestamp":"2025-04-07 19:50:04"}
{"level":"debug","message":"Development mode: IP whitelist check bypassed","service":"zer0-backend","timestamp":"2025-04-07 19:50:09"}
{"level":"info","message":"Stripe webhook received: charge.succeeded (evt_3RBJoDCoXl7VWu3N188oldeE)","service":"zer0-backend","timestamp":"2025-04-07 19:50:09"}
{"level":"debug","message":"Development mode: IP whitelist check bypassed","service":"zer0-backend","timestamp":"2025-04-07 19:50:09"}
{"level":"info","message":"Stripe webhook received: payment_intent.succeeded (evt_3RBJoDCoXl7VWu3N1KRp3GoR)","service":"zer0-backend","timestamp":"2025-04-07 19:50:09"}
{"level":"debug","message":"Development mode: IP whitelist check bypassed","service":"zer0-backend","timestamp":"2025-04-07 19:50:09"}
{"level":"info","message":"Stripe webhook received: payment_intent.created (evt_3RBJoDCoXl7VWu3N10pMUnvN)","service":"zer0-backend","timestamp":"2025-04-07 19:50:09"}
{"level":"debug","message":"Development mode: IP whitelist check bypassed","service":"zer0-backend","timestamp":"2025-04-07 19:50:12"}
{"level":"info","message":"Stripe webhook received: charge.updated (evt_3RBJoDCoXl7VWu3N1uja3cx3)","service":"zer0-backend","timestamp":"2025-04-07 19:50:12"}
{"level":"info","message":"Server starting in development mode on port 420","service":"zer0-backend","timestamp":"2025-04-07 19:50:35"}
{"level":"info","message":"🚀 Server ready at http://localhost:420","service":"zer0-backend","timestamp":"2025-04-07 19:50:35"}
{"level":"info","message":"📚 API Docs available at http://localhost:420/api-docs","service":"zer0-backend","timestamp":"2025-04-07 19:50:35"}
{"level":"info","message":"Server starting in development mode on port 420","service":"zer0-backend","timestamp":"2025-04-07 20:41:08"}
{"level":"info","message":"🚀 Server ready at http://localhost:420","service":"zer0-backend","timestamp":"2025-04-07 20:41:08"}
{"level":"info","message":"📚 API Docs available at http://localhost:420/api-docs","service":"zer0-backend","timestamp":"2025-04-07 20:41:08"}
{"level":"info","message":"Server starting in development mode on port 420","service":"zer0-backend","timestamp":"2025-04-07 20:58:08"}
{"level":"info","message":"🚀 Server ready at http://localhost:420","service":"zer0-backend","timestamp":"2025-04-07 20:58:08"}
{"level":"info","message":"📚 API Docs available at http://localhost:420/api-docs","service":"zer0-backend","timestamp":"2025-04-07 20:58:08"}
{"level":"info","message":"Server starting in development mode on port 420","service":"zer0-backend","timestamp":"2025-04-14 13:02:49"}
{"level":"info","message":"🚀 Server ready at http://localhost:420","service":"zer0-backend","timestamp":"2025-04-14 13:02:49"}
{"level":"info","message":"📚 API Docs available at http://localhost:420/api-docs","service":"zer0-backend","timestamp":"2025-04-14 13:02:49"}
{"level":"info","message":"Server starting in development mode on port 420","service":"zer0-backend","timestamp":"2025-04-14 13:03:46"}
{"level":"info","message":"🚀 Server ready at http://localhost:420","service":"zer0-backend","timestamp":"2025-04-14 13:03:46"}
{"level":"info","message":"📚 API Docs available at http://localhost:420/api-docs","service":"zer0-backend","timestamp":"2025-04-14 13:03:46"}
{"level":"info","message":"Server starting in development mode on port 420","service":"zer0-backend","timestamp":"2025-04-14 23:05:37"}
{"level":"info","message":"🚀 Server ready at http://localhost:420","service":"zer0-backend","timestamp":"2025-04-14 23:05:37"}
{"level":"info","message":"📚 API Docs available at http://localhost:420/api-docs","service":"zer0-backend","timestamp":"2025-04-14 23:05:37"}
